<?xml version="1.0" encoding="UTF-8"?>
<!-- Generated by org.testng.reporters.JUnitReportReporter -->
<testsuite hostname="DESKTOP-QK6PEML" failures="0" tests="1" name="TestCases.TC_HomePage" time="5.054" errors="0" timestamp="2023-12-26T20:54:11 IST" skipped="0">
  <testcase classname="TestCases.TC_HomePage" name="TC_Home_Page" time="5.054"/>
</testsuite> <!-- TestCases.TC_HomePage -->
