<?xml version="1.0" encoding="UTF-8"?>
<!-- Generated by org.testng.reporters.JUnitReportReporter -->
<testsuite hostname="DESKTOP-QK6PEML" failures="0" tests="1" name="TestCases.TC_GMail" time="5.059" errors="0" timestamp="2023-12-26T20:54:11 IST" skipped="0">
  <testcase classname="TestCases.TC_GMail" name="TC_TestCase" time="5.059"/>
</testsuite> <!-- TestCases.TC_GMail -->
